<?xml version="1.0" encoding="UTF-8"?>
<testsuite xmlns:xsi="http://www.w3.org/2001/XMLSchema-instance" xsi:noNamespaceSchemaLocation="https://maven.apache.org/surefire/maven-surefire-plugin/xsd/surefire-test-report.xsd" version="3.0.2" name="org.example.e2e.Student2RideRatingE2ETest" time="10.21" tests="3" errors="0" skipped="0" failures="0">
  <properties>
[...]
</properties>
  <testcase name="happyPath_shouldSubmitRatingAndPersistIt" classname="org.example.e2e.Student2RideRatingE2ETest" time="3.644">
    <system-err><![CDATA[jun 15, 2026 8:10:51 PO PODNE org.openqa.selenium.devtools.CdpVersionFinder findNearestMatch
WARNING: Unable to find CDP implementation matching 149
jun 15, 2026 8:10:51 PO PODNE org.openqa.selenium.chromium.ChromiumDriver lambda$new$4
WARNING: Unable to find version of CDP to use for 149.0.7827.104. You may need to include a dependency on a specific version of the CDP using something similar to `org.seleniumhq.selenium:selenium-devtools-v86:4.30.0` where the version ("v86") matches the version of the chromium-based browser you're using and the version number of the artifact is the same as Selenium's.
]]></system-err>
  </testcase>
  <testcase name="alreadyRated_shouldShowReadOnlyStateAndNotInsertAnotherRating" classname="org.example.e2e.Student2RideRatingE2ETest" time="2.861">
    <system-err><![CDATA[jun 15, 2026 8:10:54 PO PODNE org.openqa.selenium.devtools.CdpVersionFinder findNearestMatch
WARNING: Unable to find CDP implementation matching 149
jun 15, 2026 8:10:54 PO PODNE org.openqa.selenium.chromium.ChromiumDriver lambda$new$4
WARNING: Unable to find version of CDP to use for 149.0.7827.104. You may need to include a dependency on a specific version of the CDP using something similar to `org.seleniumhq.selenium:selenium-devtools-v86:4.30.0` where the version ("v86") matches the version of the chromium-based browser you're using and the version number of the artifact is the same as Selenium's.
]]></system-err>
  </testcase>
  <testcase name="expiredWindow_shouldShowErrorAndKeepRatingTableUnchanged" classname="org.example.e2e.Student2RideRatingE2ETest" time="3.702">
    <system-err><![CDATA[jun 15, 2026 8:10:57 PO PODNE org.openqa.selenium.devtools.CdpVersionFinder findNearestMatch
WARNING: Unable to find CDP implementation matching 149
jun 15, 2026 8:10:57 PO PODNE org.openqa.selenium.chromium.ChromiumDriver lambda$new$4
WARNING: Unable to find version of CDP to use for 149.0.7827.104. You may need to include a dependency on a specific version of the CDP using something similar to `org.seleniumhq.selenium:selenium-devtools-v86:4.30.0` where the version ("v86") matches the version of the chromium-based browser you're using and the version number of the artifact is the same as Selenium's.
]]></system-err>
  </testcase>
</testsuite>